C:\1\Equipo_EoH-Montaje_v2_16-Rubens_Transfer\Equipo_EoH-Montaje_v2_16.dwg,Modelo,19/09/2015 23:39:38,makeroni_2,DWG To PDF.pc3,ISO A4 (210.00 x 297.00 mm),1:1.28424,
C:\1\Equipo_EoH-Montaje_v2_16-Rubens_Transfer\Equipo_EoH-Montaje_v2_16.dwg,Modelo,19/09/2015 23:40:28,makeroni_2,DWG To PDF.pc3,ISO A4 (210.00 x 297.00 mm),1:1.05054,
C:\1\Equipo_EoH-Montaje_v2_16-Rubens_Transfer\Equipo_EoH-Montaje_v2_16.dwg,Modelo,19/09/2015 23:41:06,makeroni_2,DWG To PDF.pc3,ISO A4 (210.00 x 297.00 mm),1:1.0247,
C:\1\Equipo_EoH-Montaje_v2_16-Rubens_Transfer\Equipo_EoH-Montaje_v2_16.dwg,Modelo,19/09/2015 23:41:39,makeroni_2,DWG To PDF.pc3,ISO A4 (210.00 x 297.00 mm),1:1.15879,
C:\1\Equipo_EoH-Montaje_v2_16-Rubens_Transfer\Equipo_EoH-Montaje_v2_16.dwg,Modelo,19/09/2015 23:42:19,makeroni_2,DWG To PDF.pc3,ISO A4 (210.00 x 297.00 mm),1:0.721496,
C:\1\Equipo_EoH-Montaje_v2_16-Rubens_Transfer\Equipo_EoH-Montaje_v2_16.dwg,Modelo,19/09/2015 23:43:56,makeroni_2,DWG To PDF.pc3,ISO A4 (210.00 x 297.00 mm),1:0.303114,
C:\1\Equipo_EoH-Montaje_v2_16-Rubens_Transfer\Equipo_EoH-Montaje_v2_16.dwg,Modelo,19/09/2015 23:45:46,makeroni_2,DWG To PDF.pc3,ISO A4 (210.00 x 297.00 mm),1:1.1861,
C:\1\Equipo_EoH-Montaje_v2_16-Rubens_Transfer\Equipo_EoH-Montaje_v2_16.dwg,Modelo,19/09/2015 23:46:30,makeroni_2,DWG To PDF.pc3,ISO A4 (210.00 x 297.00 mm),1:1.03194,
C:\1\Equipo_EoH-Montaje_v2_16-Rubens_Transfer\Equipo_EoH-Montaje_v2_16.dwg,Modelo,19/09/2015 23:47:16,makeroni_2,DWG To PDF.pc3,ISO A4 (210.00 x 297.00 mm),1:1.11831,
C:\1\Equipo_EoH-Montaje_v2_16-Rubens_Transfer\Equipo_EoH-Montaje_v2_16.dwg,Modelo,19/09/2015 23:47:52,makeroni_2,DWG To PDF.pc3,ISO A4 (210.00 x 297.00 mm),1:1.11831,
C:\1\Equipo_EoH-Montaje_v2_16-Rubens_Transfer\Equipo_EoH-Montaje_v2_16.dwg,Modelo,19/09/2015 23:48:44,makeroni_2,DWG To PDF.pc3,ISO A4 (210.00 x 297.00 mm),1:1.11831,
C:\1\Equipo_EoH-Montaje_v2_16-Rubens_Transfer\Equipo_EoH-Montaje_v2_16.dwg,Modelo,19/09/2015 23:49:49,makeroni_2,DWG To PDF.pc3,ISO A4 (210.00 x 297.00 mm),1:1.18482,
C:\1\Equipo_EoH-Montaje_v2_16-Rubens_Transfer\Equipo_EoH-Montaje_v2_16.dwg,Modelo,19/09/2015 23:50:49,makeroni_2,DWG To PDF.pc3,ISO A4 (210.00 x 297.00 mm),1:0.836607,
C:\1\Equipo_EoH-Montaje_v2_16-Rubens_Transfer\Equipo_EoH-Montaje_v2_16.dwg,Modelo,19/09/2015 23:51:38,makeroni_2,DWG To PDF.pc3,ISO A4 (210.00 x 297.00 mm),1:1.1695,
C:\1\Equipo_EoH-Montaje_v2_16-Rubens_Transfer\Equipo_EoH-Montaje_v2_16.dwg,Modelo,19/09/2015 23:52:21,makeroni_2,DWG To PDF.pc3,ISO A4 (210.00 x 297.00 mm),1:1.28563,
C:\1\Equipo_EoH-Montaje_v2_16-Rubens_Transfer\Equipo_EoH-Montaje_v2_16.dwg,Modelo,19/09/2015 23:52:50,makeroni_2,DWG To PDF.pc3,ISO A4 (210.00 x 297.00 mm),1:1.51398,
C:\1\Equipo_EoH-Montaje_v2_16-Rubens_Transfer\Equipo_EoH-Montaje_v2_16.dwg,Modelo,19/09/2015 23:53:30,makeroni_2,DWG To PDF.pc3,ISO A4 (210.00 x 297.00 mm),1:1.53329,
C:\1\equipo_eoh-montaje_v2_16-rubens_transfer\gafas\Camera_IR-Support_v1_16.dwg,Modelo,19/09/2015 23:54:50,makeroni_2,DWG To PDF.pc3,ISO A4 (210.00 x 297.00 mm),1:0.121133,
C:\1\equipo_eoh-montaje_v2_16-rubens_transfer\gafas\Camera_IR-Support_v1_16.dwg,Modelo,19/09/2015 23:55:32,makeroni_2,DWG To PDF.pc3,ISO A4 (210.00 x 297.00 mm),1:0.115596,
C:\1\equipo_eoh-montaje_v2_16-rubens_transfer\gafas\Camera_IR-Support_v1_16.dwg,Modelo,19/09/2015 23:58:06,makeroni_2,DWG To PDF.pc3,ISO A4 (210.00 x 297.00 mm),1:0.306413,
C:\1\equipo_eoh-montaje_v2_16-rubens_transfer\gafas\Camera_IR-Support_v1_16.dwg,Modelo,19/09/2015 23:58:32,makeroni_2,DWG To PDF.pc3,ISO A4 (210.00 x 297.00 mm),1:0.285017,
C:\1\equipo_eoh-montaje_v2_16-rubens_transfer\backpack\EoH_BackPack_v2_017.dwg,Modelo,20/09/2015 0:00:38,makeroni_2,DWG To PDF.pc3,ISO A4 (210.00 x 297.00 mm),1:0.363621,
C:\1\equipo_eoh-montaje_v2_16-rubens_transfer\backpack\EoH_BackPack_v2_017.dwg,Modelo,20/09/2015 0:01:17,makeroni_2,DWG To PDF.pc3,ISO A4 (210.00 x 297.00 mm),1:0.404208,
C:\1\equipo_eoh-montaje_v2_16-rubens_transfer\backpack\EoH_BackPack_v2_017.dwg,Modelo,20/09/2015 0:02:06,makeroni_2,DWG To PDF.pc3,ISO A4 (210.00 x 297.00 mm),1:0.403892,
C:\1\equipo_eoh-montaje_v2_16-rubens_transfer\backpack\EoH_BackPack_v2_017.dwg,Modelo,20/09/2015 0:05:22,makeroni_2,DWG To PDF.pc3,ISO A4 (210.00 x 297.00 mm),1:0.598507,
C:\1\equipo_eoh-montaje_v2_16-rubens_transfer\backpack\EoH_BackPack_v2_017.dwg,Modelo,20/09/2015 0:07:08,makeroni_2,DWG To PDF.pc3,ISO A4 (210.00 x 297.00 mm),1:0.6624,
C:\1\equipo_eoh-montaje_v2_16-rubens_transfer\gafas\Camera_IR-Bracket_v1_04.dwg,Modelo,20/09/2015 0:08:23,makeroni_2,DWG To PDF.pc3,ISO A4 (210.00 x 297.00 mm),1:0.638174,
C:\1\equipo_eoh-montaje_v2_16-rubens_transfer\gafas\Camera_IR-Bracket_v1_04.dwg,Modelo,20/09/2015 0:08:59,makeroni_2,DWG To PDF.pc3,ISO A4 (210.00 x 297.00 mm),1:0.638174,
C:\1\equipo_eoh-montaje_v2_16-rubens_transfer\gafas\Camera_IR-Bracket_v1_04.dwg,Modelo,20/09/2015 0:10:28,makeroni_2,DWG To PDF.pc3,ISO A4 (210.00 x 297.00 mm),1:0.743009,
C:\1\equipo_eoh-montaje_v2_16-rubens_transfer\gafas\Camera_IR-Bracket_v1_04.dwg,Modelo,20/09/2015 0:11:10,makeroni_2,DWG To PDF.pc3,ISO A4 (210.00 x 297.00 mm),1:0.710504,
C:\1\equipo_eoh-montaje_v2_16-rubens_transfer\gafas\Camera_Frontal-Bracket_v1_06.dwg,Modelo,20/09/2015 0:12:39,makeroni_2,DWG To PDF.pc3,ISO A4 (210.00 x 297.00 mm),1:0.731116,
C:\1\equipo_eoh-montaje_v2_16-rubens_transfer\gafas\Camera_Frontal-Bracket_v1_06.dwg,Modelo,20/09/2015 0:13:09,makeroni_2,DWG To PDF.pc3,ISO A4 (210.00 x 297.00 mm),1:0.592462,
C:\1\equipo_eoh-montaje_v2_16-rubens_transfer\gafas\Camera_Frontal-Bracket_v1_06.dwg,Modelo,20/09/2015 0:13:50,makeroni_2,DWG To PDF.pc3,ISO A4 (210.00 x 297.00 mm),1:0.606582,
C:\1\equipo_eoh-montaje_v2_16-rubens_transfer\gafas\Camera_Frontal-Bracket_v1_06.dwg,Modelo,20/09/2015 0:14:10,makeroni_2,DWG To PDF.pc3,ISO A4 (210.00 x 297.00 mm),1:0.606582,
C:\1\equipo_eoh-montaje_v2_16-rubens_transfer\gafas\Camera_Frontal-Bracket_v1_06.dwg,Modelo,20/09/2015 0:14:40,makeroni_2,DWG To PDF.pc3,ISO A4 (210.00 x 297.00 mm),1:0.606582,
C:\1\equipo_eoh-montaje_v2_16-rubens_transfer\gafas\Camera_Frontal-Bracket_v1_06.dwg,Modelo,20/09/2015 0:15:51,makeroni_2,DWG To PDF.pc3,ISO A4 (210.00 x 297.00 mm),1:0.68317,
C:\1\equipo_eoh-montaje_v2_16-rubens_transfer\gafas\Camera_Frontal-Bracket_v1_06.dwg,Modelo,20/09/2015 0:16:28,makeroni_2,DWG To PDF.pc3,ISO A4 (210.00 x 297.00 mm),1:1.05103,
C:\1\equipo_eoh-montaje_v2_16-rubens_transfer\gafas\Camera_Frontal-Bracket_v1_06.dwg,Modelo,20/09/2015 0:16:59,makeroni_2,DWG To PDF.pc3,ISO A4 (210.00 x 297.00 mm),1:1.05103,
C:\1\Equipo_EoH-Montaje_v2_16-Rubens_Transfer\Equipo_EoH-Montaje_v2_16.dwg,Modelo,20/09/2015 0:20:21,makeroni_2,DWG To PDF.pc3,ISO A4 (210.00 x 297.00 mm),1:1.56768,
C:\1\Equipo_EoH-Montaje_v2_16-Rubens_Transfer\Equipo_EoH-Montaje_v2_16.dwg,Modelo,20/09/2015 0:21:46,makeroni_2,DWG To PDF.pc3,ISO A4 (210.00 x 297.00 mm),1:1.71441,
C:\1\Equipo_EoH-Montaje_v2_16-Rubens_Transfer\Equipo_EoH-Montaje_v2_16.dwg,Modelo,20/09/2015 0:22:48,makeroni_2,DWG To PDF.pc3,ISO A4 (210.00 x 297.00 mm),1:1.53259,
C:\1\Equipo_EoH-Montaje_v2_16-Rubens_Transfer\Equipo_EoH-Montaje_v2_16.dwg,Modelo,20/09/2015 0:23:37,makeroni_2,DWG To PDF.pc3,ISO A4 (210.00 x 297.00 mm),1:1.83346,
C:\1\Equipo_EoH-Montaje_v2_16-Rubens_Transfer\Equipo_EoH-Montaje_v2_16.dwg,Modelo,20/09/2015 0:25:31,makeroni_2,DWG To PDF.pc3,ISO A4 (210.00 x 297.00 mm),1:1.41644,
C:\1\Equipo_EoH-Montaje_v2_16-Rubens_Transfer\Equipo_EoH-Montaje_v2_16.dwg,Modelo,20/09/2015 0:27:13,makeroni_2,DWG To PDF.pc3,ISO A4 (210.00 x 297.00 mm),1:1.35197,
C:\1\Equipo_EoH-Montaje_v2_16-Rubens_Transfer\Equipo_EoH-Montaje_v2_16.dwg,Modelo,20/09/2015 0:27:58,makeroni_2,DWG To PDF.pc3,ISO A4 (210.00 x 297.00 mm),1:1.35197,
C:\1\Equipo_EoH-Montaje_v2_16-Rubens_Transfer\Equipo_EoH-Montaje_v2_16.dwg,Modelo,20/09/2015 0:28:23,makeroni_2,DWG To PDF.pc3,ISO A4 (210.00 x 297.00 mm),1:1.35197,
C:\1\Equipo_EoH-Montaje_v2_16-Rubens_Transfer\Equipo_EoH-Montaje_v2_16.dwg,Modelo,20/09/2015 0:28:54,makeroni_2,DWG To PDF.pc3,ISO A4 (210.00 x 297.00 mm),1:1.35197,
C:\1\Equipo_EoH-Montaje_v2_16-Rubens_Transfer\Equipo_EoH-Montaje_v2_16.dwg,Modelo,20/09/2015 0:29:27,makeroni_2,DWG To PDF.pc3,ISO A4 (210.00 x 297.00 mm),1:1.35197,
C:\1\Equipo_EoH-Montaje_v2_16-Rubens_Transfer\Equipo_EoH-Montaje_v2_16.dwg,Modelo,20/09/2015 0:30:15,makeroni_2,DWG To PDF.pc3,ISO A4 (210.00 x 297.00 mm),1:1.35197,
C:\1\Equipo_EoH-Montaje_v2_16-Rubens_Transfer\Equipo_EoH-Montaje_v2_16.dwg,Modelo,20/09/2015 0:31:00,makeroni_2,DWG To PDF.pc3,ISO A4 (210.00 x 297.00 mm),1:1.35197,
C:\1\Equipo_EoH-Montaje_v2_16-Rubens_Transfer\Equipo_EoH-Montaje_v2_16.dwg,Modelo,20/09/2015 0:31:46,makeroni_2,DWG To PDF.pc3,ISO A4 (210.00 x 297.00 mm),1:1.35197,
C:\1\Equipo_EoH-Montaje_v2_16-Rubens_Transfer\Equipo_EoH-Montaje_v2_16.dwg,Modelo,20/09/2015 0:33:09,makeroni_2,DWG To PDF.pc3,ISO A4 (210.00 x 297.00 mm),1:1.35197,
C:\1\Equipo_EoH-Montaje_v2_16-Rubens_Transfer\Equipo_EoH-Montaje_v2_16.dwg,Modelo,20/09/2015 0:33:46,makeroni_2,DWG To PDF.pc3,ISO A4 (210.00 x 297.00 mm),1:0.942563,
C:\1\Equipo_EoH-Montaje_v2_16-Rubens_Transfer\Equipo_EoH-Montaje_v2_16.dwg,Modelo,20/09/2015 0:34:23,makeroni_2,DWG To PDF.pc3,ISO A4 (210.00 x 297.00 mm),1:0.917913,
